0 info it worked if it ends with ok
1 verbose cli [ 'node', '/usr/local/bin/npm', 'start' ]
2 info using npm@2.5.1
3 info using node@v0.12.0
4 verbose node symlink /usr/local/bin/node
5 verbose run-script [ 'prestart', 'start', 'poststart' ]
6 info prestart is-it-open@1.0.0
7 info start is-it-open@1.0.0
8 verbose unsafe-perm in lifecycle true
9 info is-it-open@1.0.0 Failed to exec start script
10 verbose stack Error: is-it-open@1.0.0 start: `node index.js`
10 verbose stack Exit status 255
10 verbose stack     at EventEmitter.<anonymous> (/usr/local/lib/node_modules/npm/lib/utils/lifecycle.js:213:16)
10 verbose stack     at EventEmitter.emit (events.js:110:17)
10 verbose stack     at ChildProcess.<anonymous> (/usr/local/lib/node_modules/npm/lib/utils/spawn.js:14:12)
10 verbose stack     at ChildProcess.emit (events.js:110:17)
10 verbose stack     at maybeClose (child_process.js:1008:16)
10 verbose stack     at Process.ChildProcess._handle.onexit (child_process.js:1080:5)
11 verbose pkgid is-it-open@1.0.0
12 verbose cwd /Users/matt/dev/cs109/is-it-open
13 error Darwin 14.0.0
14 error argv "node" "/usr/local/bin/npm" "start"
15 error node v0.12.0
16 error npm  v2.5.1
17 error code ELIFECYCLE
18 error is-it-open@1.0.0 start: `node index.js`
18 error Exit status 255
19 error Failed at the is-it-open@1.0.0 start script 'node index.js'.
19 error This is most likely a problem with the is-it-open package,
19 error not with npm itself.
19 error Tell the author that this fails on your system:
19 error     node index.js
19 error You can get their info via:
19 error     npm owner ls is-it-open
19 error There is likely additional logging output above.
20 verbose exit [ 1, true ]
